g:\учёба\kvo-2018\kvo-2018\kvo-2018\debug\vc141.pdb
g:\учёба\kvo-2018\kvo-2018\kvo-2018\debug\vc141.idb
g:\учёба\kvo-2018\kvo-2018\kvo-2018\debug\mfst.obj
g:\учёба\kvo-2018\kvo-2018\kvo-2018\debug\kvo-2018.obj
g:\учёба\kvo-2018\kvo-2018\kvo-2018\debug\greibach.obj
g:\учёба\kvo-2018\kvo-2018\kvo-2018\debug\generation.obj
g:\учёба\kvo-2018\kvo-2018\kvo-2018\debug\lexanalys.obj
g:\учёба\kvo-2018\kvo-2018\kvo-2018\debug\it.obj
g:\учёба\kvo-2018\kvo-2018\kvo-2018\debug\log.obj
g:\учёба\kvo-2018\kvo-2018\kvo-2018\debug\sa.obj
g:\учёба\kvo-2018\kvo-2018\kvo-2018\debug\error.obj
g:\учёба\kvo-2018\kvo-2018\kvo-2018\debug\stdafx.obj
g:\учёба\kvo-2018\kvo-2018\kvo-2018\debug\parm.obj
g:\учёба\kvo-2018\kvo-2018\kvo-2018\debug\pn.obj
g:\учёба\kvo-2018\kvo-2018\kvo-2018\debug\lt.obj
g:\учёба\kvo-2018\kvo-2018\kvo-2018\debug\in.obj
g:\учёба\kvo-2018\kvo-2018\kvo-2018\debug\fst.obj
g:\учёба\kvo-2018\kvo-2018\debug\kvo-2018.exe
g:\учёба\kvo-2018\kvo-2018\debug\kvo-2018.ilk
g:\учёба\kvo-2018\kvo-2018\debug\kvo-2018.pdb
g:\учёба\kvo-2018\kvo-2018\kvo-2018\debug\sa.obj.enc
g:\учёба\kvo-2018\kvo-2018\kvo-2018\debug\kvo-2018.tlog\cl.command.1.tlog
g:\учёба\kvo-2018\kvo-2018\kvo-2018\debug\kvo-2018.tlog\cl.read.1.tlog
g:\учёба\kvo-2018\kvo-2018\kvo-2018\debug\kvo-2018.tlog\cl.write.1.tlog
g:\учёба\kvo-2018\kvo-2018\kvo-2018\debug\kvo-2018.tlog\link.command.1.tlog
g:\учёба\kvo-2018\kvo-2018\kvo-2018\debug\kvo-2018.tlog\link.read.1.tlog
g:\учёба\kvo-2018\kvo-2018\kvo-2018\debug\kvo-2018.tlog\link.write.1.tlog
